<?xml version="1.0" encoding="UTF-8"?>
<!-- Generated by org.testng.reporters.JUnitReportReporter -->
<testsuite hostname="DESKTOP-313IA8D" failures="0" tests="1" name="vjjava.test" time="0.029" errors="0" timestamp="25 Dec 2023 11:38:39 GMT" skipped="0">
  <testcase classname="vjjava.test" name="get" time="0.029"/>
</testsuite> <!-- vjjava.test -->
