<?xml version="1.0" encoding="UTF-8"?>
<!-- Generated by org.testng.reporters.JUnitReportReporter -->
<testsuite hostname="DESKTOP-313IA8D" failures="0" tests="4" name="vjjava.sample" time="4.964" errors="0" timestamp="2023-12-25T23:12:47 IST" skipped="0">
  <testcase classname="vjjava.sample" name="tc0" time="2.142"/>
  <system-out/>
  <testcase classname="vjjava.sample" name="tc4" time="0.808"/>
  <system-out/>
  <testcase classname="vjjava.sample" name="tc3" time="1.025"/>
  <system-out/>
  <testcase classname="vjjava.sample" name="tc1" time="0.989"/>
  <system-out/>
</testsuite> <!-- vjjava.sample -->
